<?xml version="1.0" encoding="UTF-8"?>
<!-- Generated by org.testng.reporters.JUnitReportReporter -->
<testsuite skipped="0" hostname="LAPTOP-8PV5OBQH" name="tests.LoginTest" tests="3" failures="0" timestamp="2021-11-12T16:28:08 IST" time="34.302" errors="0">
  <testcase name="LoginTest" time="4.557" classname="tests.LoginTest"/>
  <system-out/>
  <testcase name="LoginTest" time="14.583" classname="tests.LoginTest"/>
  <system-out/>
  <testcase name="LoginTest" time="15.162" classname="tests.LoginTest"/>
  <system-out/>
</testsuite> <!-- tests.LoginTest -->
