<?xml version="1.0" encoding="UTF-8"?>
<!-- Generated by org.testng.reporters.JUnitReportReporter -->
<testsuite skipped="0" hostname="LAPTOP-8PV5OBQH" name="tests.ThreeTest" tests="1" failures="0" timestamp="2021-11-12T16:28:08 IST" time="5.606" errors="0">
  <testcase name="ThreeTest" time="5.606" classname="tests.ThreeTest"/>
  <system-out/>
</testsuite> <!-- tests.ThreeTest -->
